ggtree v3.6.2 For help: https://yulab-smu.top/treedata-book/

If you use the ggtree package suite in published research, please cite
the appropriate paper(s):

Guangchuang Yu, David Smith, Huachen Zhu, Yi Guan, Tommy Tsan-Yuk Lam.
ggtree: an R package for visualization and annotation of phylogenetic
trees with their covariates and other associated data. Methods in
Ecology and Evolution. 2017, 8(1):28-36. doi:10.1111/2041-210X.12628

Shuangbin Xu, Lin Li, Xiao Luo, Meijun Chen, Wenli Tang, Li Zhan, Zehan
Dai, Tommy T. Lam, Yi Guan, Guangchuang Yu. Ggtree: A serialized data
object for visualization of a phylogenetic tree and annotation data.
iMeta 2022, 1(4):e56. doi:10.1002/imt2.56

G Yu. Data Integration, Manipulation and Visualization of Phylogenetic
Trees (1st ed.). Chapman and Hall/CRC. 2022. ISBN: 9781032233574

Attaching package: ‘ggtree’

The following object is masked from ‘package:ape’:

    rotate

ℹ Loading BIOMATH211_Cancer-Phylogeny
Loading required package: BoutrosLab.plotting.general
Loading required package: lattice
Loading required package: latticeExtra
Loading required package: cluster
Loading required package: hexbin
Loading required package: grid

Attaching package: ‘BoutrosLab.plotting.general’

The following object is masked from ‘package:stats’:

    dist

Warning messages:
1: In XX - width * adj[1] :
  longer object length is not a multiple of shorter object length
2: In YY - height * adj[2] :
  longer object length is not a multiple of shorter object length
Error: unexpected end of input
Execution halted
Warning message:
system call failed: Cannot allocate memory 
ggtree v3.6.2 For help: https://yulab-smu.top/treedata-book/

If you use the ggtree package suite in published research, please cite
the appropriate paper(s):

Guangchuang Yu, David Smith, Huachen Zhu, Yi Guan, Tommy Tsan-Yuk Lam.
ggtree: an R package for visualization and annotation of phylogenetic
trees with their covariates and other associated data. Methods in
Ecology and Evolution. 2017, 8(1):28-36. doi:10.1111/2041-210X.12628

Guangchuang Yu, Tommy Tsan-Yuk Lam, Huachen Zhu, Yi Guan. Two methods
for mapping and visualizing associated data on phylogeny using ggtree.
Molecular Biology and Evolution. 2018, 35(12):3041-3043.
doi:10.1093/molbev/msy194

Shuangbin Xu, Lin Li, Xiao Luo, Meijun Chen, Wenli Tang, Li Zhan, Zehan
Dai, Tommy T. Lam, Yi Guan, Guangchuang Yu. Ggtree: A serialized data
object for visualization of a phylogenetic tree and annotation data.
iMeta 2022, 1(4):e56. doi:10.1002/imt2.56

Attaching package: ‘ggtree’

The following object is masked from ‘package:ape’:

    rotate

ℹ Loading BIOMATH211_Cancer-Phylogeny
Loading required package: BoutrosLab.plotting.general
Loading required package: lattice
Loading required package: latticeExtra
Loading required package: cluster
Loading required package: hexbin
Loading required package: grid

Attaching package: ‘BoutrosLab.plotting.general’

The following object is masked from ‘package:stats’:

    dist

Warning messages:
1: In XX - width * adj[1] :
  longer object length is not a multiple of shorter object length
2: In YY - height * adj[2] :
  longer object length is not a multiple of shorter object length
Error: unexpected end of input
Execution halted
Warning message:
system call failed: Cannot allocate memory 
ggtree v3.6.2 For help: https://yulab-smu.top/treedata-book/

If you use the ggtree package suite in published research, please cite
the appropriate paper(s):

Guangchuang Yu, David Smith, Huachen Zhu, Yi Guan, Tommy Tsan-Yuk Lam.
ggtree: an R package for visualization and annotation of phylogenetic
trees with their covariates and other associated data. Methods in
Ecology and Evolution. 2017, 8(1):28-36. doi:10.1111/2041-210X.12628

Guangchuang Yu.  Data Integration, Manipulation and Visualization of
Phylogenetic Trees (1st edition). Chapman and Hall/CRC. 2022,
doi:10.1201/9781003279242

Guangchuang Yu. Using ggtree to visualize data on tree-like structures.
Current Protocols in Bioinformatics. 2020, 69:e96. doi:10.1002/cpbi.96

Attaching package: ‘ggtree’

The following object is masked from ‘package:ape’:

    rotate

ℹ Loading BIOMATH211_Cancer-Phylogeny
Loading required package: BoutrosLab.plotting.general
Loading required package: lattice
Loading required package: latticeExtra
Loading required package: cluster
Loading required package: hexbin
Loading required package: grid

Attaching package: ‘BoutrosLab.plotting.general’

The following object is masked from ‘package:stats’:

    dist

Warning messages:
1: In XX - width * adj[1] :
  longer object length is not a multiple of shorter object length
2: In YY - height * adj[2] :
  longer object length is not a multiple of shorter object length
Error: unexpected end of input
Execution halted
Warning message:
system call failed: Cannot allocate memory 
slurmstepd: error: *** JOB 9662 ON F16-1 CANCELLED AT 2023-03-20T18:25:04 ***
